<?xml version="1.0" encoding="UTF-8" standalone="no"?>
<testsuite failures="0" name="cucumber.runtime.formatter.JUnitFormatter" skipped="0" tests="1" time="18.523124">
    <testcase classname="Vérifier logo US3" name="Depuis la page Panier le logo contient un lien vers la page d’accueil" time="18.523124">
        <system-out>
            <![CDATA[Given j'ouvre l'application.................................................passed
When je clique sur la page Panier...........................................passed
And je suis bien redirigée vers la page Panier..............................passed
And je clique sur le logo AT................................................passed
Then je suis bien redirigé vers la page d’accueil...........................passed
]]>
        </system-out>
    </testcase>
</testsuite>
